

Version:	3.12
CmdLine:	C:\Users\jrase\Documents\GitHub\projectlibre\binaries\ProjectLibre-JRA-v1.0\ProjectLibre-JAR-v1.0.exe --l4j-debug
WOW64:		yes
Working dir:	C:\Users\jrase\Documents\GitHub\projectlibre\binaries\ProjectLibre-JRA-v1.0\.
Java min ver:	1.008.000
Java max ver:	
Bundled JRE:	jre
Check launcher:	C:\Users\jrase\Documents\GitHub\projectlibre\binaries\ProjectLibre-JRA-v1.0\jre\bin\javaw.exe (OK)
Heap -Xms:	Requested 1024 MB / 0%, Available: 26235 MB, Heap size: 1024 MB
Heap -Xmx:	Requested 1024 MB / 0%, Available: 26235 MB, Heap size: 1024 MB
Launcher:	C:\Users\jrase\Documents\GitHub\projectlibre\binaries\ProjectLibre-JRA-v1.0\jre\bin\javaw.exe
Launcher args:	-Xms1024m -Xmx1024m -jar "C:\Users\jrase\Documents\GitHub\projectlibre\binaries\ProjectLibre-JRA-v1.0\ProjectLibre-JAR-v1.0.exe"
Args length:	128/32768 chars
Exit code:	0


Version:	3.12
CmdLine:	C:\Users\jrase\Documents\GitHub\projectlibre\binaries\ProjectLibre-JRA-v1.0\ProjectLibre-JAR-v1.0.exe --l4j-debug
WOW64:		yes
Working dir:	C:\Users\jrase\Documents\GitHub\projectlibre\binaries\ProjectLibre-JRA-v1.0\.
Java min ver:	1.008.000
Java max ver:	
Bundled JRE:	jre
Check launcher:	C:\Users\jrase\Documents\GitHub\projectlibre\binaries\ProjectLibre-JRA-v1.0\jre\bin\javaw.exe (OK)
Heap -Xms:	Requested 1024 MB / 0%, Available: 26209 MB, Heap size: 1024 MB
Heap -Xmx:	Requested 1024 MB / 0%, Available: 26209 MB, Heap size: 1024 MB
Launcher:	C:\Users\jrase\Documents\GitHub\projectlibre\binaries\ProjectLibre-JRA-v1.0\jre\bin\javaw.exe
Launcher args:	-Xms1024m -Xmx1024m -jar "C:\Users\jrase\Documents\GitHub\projectlibre\binaries\ProjectLibre-JRA-v1.0\ProjectLibre-JAR-v1.0.exe"
Args length:	128/32768 chars
Exit code:	0


Version:	3.12
CmdLine:	C:\Users\jrase\Documents\GitHub\projectlibre\binaries\ProjectLibre-JRA-v1.0\ProjectLibre-JAR-v1.0.exe --l4j-debug
WOW64:		yes
Working dir:	C:\Users\jrase\Documents\GitHub\projectlibre\binaries\ProjectLibre-JRA-v1.0\.
Java min ver:	1.008.000
Java max ver:	
Bundled JRE:	jre
Check launcher:	C:\Users\jrase\Documents\GitHub\projectlibre\binaries\ProjectLibre-JRA-v1.0\jre\bin\javaw.exe (OK)
Heap -Xms:	Requested 1024 MB / 0%, Available: 26190 MB, Heap size: 1024 MB
Heap -Xmx:	Requested 1024 MB / 0%, Available: 26190 MB, Heap size: 1024 MB
Launcher:	C:\Users\jrase\Documents\GitHub\projectlibre\binaries\ProjectLibre-JRA-v1.0\jre\bin\javaw.exe
Launcher args:	-Xms1024m -Xmx1024m -jar "C:\Users\jrase\Documents\GitHub\projectlibre\binaries\ProjectLibre-JRA-v1.0\ProjectLibre-JAR-v1.0.exe"
Args length:	128/32768 chars
Exit code:	0


Version:	3.12
CmdLine:	C:\Users\jrase\Documents\GitHub\projectlibre\binaries\ProjectLibre-JRA-v1.0\ProjectLibre-JAR-v1.0.exe --l4j-debug
WOW64:		yes
Working dir:	C:\Users\jrase\Documents\GitHub\projectlibre\binaries\ProjectLibre-JRA-v1.0\.
Java min ver:	1.008.000
Java max ver:	
Bundled JRE:	jre
Check launcher:	C:\Users\jrase\Documents\GitHub\projectlibre\binaries\ProjectLibre-JRA-v1.0\jre\bin\javaw.exe (OK)
Heap -Xms:	Requested 1024 MB / 0%, Available: 26227 MB, Heap size: 1024 MB
Heap -Xmx:	Requested 1024 MB / 0%, Available: 26227 MB, Heap size: 1024 MB
Launcher:	C:\Users\jrase\Documents\GitHub\projectlibre\binaries\ProjectLibre-JRA-v1.0\jre\bin\javaw.exe
Launcher args:	-Xms1024m -Xmx1024m -jar "C:\Users\jrase\Documents\GitHub\projectlibre\binaries\ProjectLibre-JRA-v1.0\ProjectLibre-JAR-v1.0.exe"
Args length:	128/32768 chars
Exit code:	0
